<?xml version="1.0" encoding="UTF-8"?>
<coverage generated="1724852920900" clover="3.2.0">
  <project timestamp="1724852920900" name="All files">
    <metrics statements="17" coveredstatements="16" conditionals="8" coveredconditionals="8" methods="4" coveredmethods="3" elements="29" coveredelements="27" complexity="0" loc="17" ncloc="17" packages="1" files="2" classes="2"/>
    <file name="login.js" path="C:\Users\Presidio\Desktop\Tranning_2.0\FrontEnd Testing\Hands-On\Js\login.js">
      <metrics statements="13" coveredstatements="13" conditionals="8" coveredconditionals="8" methods="1" coveredmethods="1"/>
      <line num="1" count="1" type="stmt"/>
      <line num="2" count="5" type="stmt"/>
      <line num="3" count="5" type="cond" truecount="4" falsecount="0"/>
      <line num="4" count="2" type="stmt"/>
      <line num="5" count="2" type="stmt"/>
      <line num="8" count="3" type="cond" truecount="2" falsecount="0"/>
      <line num="9" count="1" type="stmt"/>
      <line num="10" count="1" type="stmt"/>
      <line num="13" count="2" type="cond" truecount="2" falsecount="0"/>
      <line num="14" count="1" type="stmt"/>
      <line num="15" count="1" type="stmt"/>
      <line num="17" count="1" type="stmt"/>
      <line num="19" count="1" type="stmt"/>
    </file>
    <file name="sum.js" path="C:\Users\Presidio\Desktop\Tranning_2.0\FrontEnd Testing\Hands-On\Js\sum.js">
      <metrics statements="4" coveredstatements="3" conditionals="0" coveredconditionals="0" methods="3" coveredmethods="2"/>
      <line num="2" count="1" type="stmt"/>
      <line num="5" count="1" type="stmt"/>
      <line num="8" count="0" type="stmt"/>
      <line num="10" count="1" type="stmt"/>
    </file>
  </project>
</coverage>
