{"C:\\Users\\Presidio\\Desktop\\Tranning_2.0\\FrontEnd Testing\\Hands-On\\Js\\login.js": {"path":"C:\\Users\\Presidio\\Desktop\\Tranning_2.0\\FrontEnd Testing\\Hands-On\\Js\\login.js","statementMap":{"0":{"start":{"line":1,"column":14},"end":{"line":18,"column":1}},"1":{"start":{"line":2,"column":25},"end":{"line":2,"column":35}},"2":{"start":{"line":3,"column":8},"end":{"line":6,"column":9}},"3":{"start":{"line":4,"column":16},"end":{"line":4,"column":71}},"4":{"start":{"line":5,"column":16},"end":{"line":5,"column":27}},"5":{"start":{"line":8,"column":8},"end":{"line":11,"column":9}},"6":{"start":{"line":9,"column":16},"end":{"line":9,"column":55}},"7":{"start":{"line":10,"column":16},"end":{"line":10,"column":28}},"8":{"start":{"line":13,"column":8},"end":{"line":16,"column":9}},"9":{"start":{"line":14,"column":16},"end":{"line":14,"column":44}},"10":{"start":{"line":15,"column":16},"end":{"line":15,"column":28}},"11":{"start":{"line":17,"column":8},"end":{"line":17,"column":19}},"12":{"start":{"line":19,"column":0},"end":{"line":19,"column":22}}},"fnMap":{"0":{"name":"(anonymous_0)","decl":{"start":{"line":1,"column":14},"end":{"line":1,"column":15}},"loc":{"start":{"line":1,"column":38},"end":{"line":18,"column":1}},"line":1}},"branchMap":{"0":{"loc":{"start":{"line":3,"column":8},"end":{"line":6,"column":9}},"type":"if","locations":[{"start":{"line":3,"column":8},"end":{"line":6,"column":9}},{"start":{},"end":{}}],"line":3},"1":{"loc":{"start":{"line":3,"column":12},"end":{"line":3,"column":70}},"type":"binary-expr","locations":[{"start":{"line":3,"column":12},"end":{"line":3,"column":39}},{"start":{"line":3,"column":43},"end":{"line":3,"column":70}}],"line":3},"2":{"loc":{"start":{"line":8,"column":8},"end":{"line":11,"column":9}},"type":"if","locations":[{"start":{"line":8,"column":8},"end":{"line":11,"column":9}},{"start":{},"end":{}}],"line":8},"3":{"loc":{"start":{"line":13,"column":8},"end":{"line":16,"column":9}},"type":"if","locations":[{"start":{"line":13,"column":8},"end":{"line":16,"column":9}},{"start":{},"end":{}}],"line":13}},"s":{"0":1,"1":5,"2":5,"3":2,"4":2,"5":3,"6":1,"7":1,"8":2,"9":1,"10":1,"11":1,"12":1},"f":{"0":5},"b":{"0":[2,3],"1":[5,3],"2":[1,2],"3":[1,1]},"_coverageSchema":"1a1c01bbd47fc00a2c39e90264f33305004495a9","hash":"77c8d51dbd9dead102ad3cf2f2566f22931b50e3"}
,"C:\\Users\\Presidio\\Desktop\\Tranning_2.0\\FrontEnd Testing\\Hands-On\\Js\\sum.js": {"path":"C:\\Users\\Presidio\\Desktop\\Tranning_2.0\\FrontEnd Testing\\Hands-On\\Js\\sum.js","statementMap":{"0":{"start":{"line":2,"column":8},"end":{"line":2,"column":20}},"1":{"start":{"line":5,"column":8},"end":{"line":5,"column":20}},"2":{"start":{"line":8,"column":8},"end":{"line":8,"column":27}},"3":{"start":{"line":10,"column":0},"end":{"line":10,"column":29}}},"fnMap":{"0":{"name":"sum","decl":{"start":{"line":1,"column":9},"end":{"line":1,"column":12}},"loc":{"start":{"line":1,"column":19},"end":{"line":3,"column":1}},"line":1},"1":{"name":"Mul","decl":{"start":{"line":4,"column":9},"end":{"line":4,"column":12}},"loc":{"start":{"line":4,"column":19},"end":{"line":6,"column":1}},"line":4},"2":{"name":"help","decl":{"start":{"line":7,"column":9},"end":{"line":7,"column":13}},"loc":{"start":{"line":7,"column":16},"end":{"line":9,"column":1}},"line":7}},"branchMap":{},"s":{"0":1,"1":1,"2":0,"3":1},"f":{"0":1,"1":1,"2":0},"b":{},"_coverageSchema":"1a1c01bbd47fc00a2c39e90264f33305004495a9","hash":"2ee9e849f2cc6888105a9b6659f273a2382048a3"}
}
